2022/08/15 16:32:56 [error] [php] Undefined variable: index (D:\xampp5\htdocs\poontong\protected\views\buyMaterialInput\_form.php:215)
Stack trace:
#0 D:\xampp5\htdocs\poontong\framework\web\CController.php(869): BuyMaterialInputController->renderFile()
#1 D:\xampp5\htdocs\poontong\protected\views\buyMaterialInput\create.php(12): BuyMaterialInputController->renderPartial()
#2 D:\xampp5\htdocs\poontong\framework\web\CBaseController.php(126): require()
#3 D:\xampp5\htdocs\poontong\framework\web\CBaseController.php(95): BuyMaterialInputController->renderInternal()
#4 D:\xampp5\htdocs\poontong\framework\web\CController.php(869): BuyMaterialInputController->renderFile()
#5 D:\xampp5\htdocs\poontong\framework\web\CController.php(782): BuyMaterialInputController->renderPartial()
#6 D:\xampp5\htdocs\poontong\protected\controllers\BuyMaterialInputController.php(132): BuyMaterialInputController->render()
#7 D:\xampp5\htdocs\poontong\framework\web\actions\CInlineAction.php(49): BuyMaterialInputController->actionCreate()
#8 D:\xampp5\htdocs\poontong\framework\web\CController.php(308): CInlineAction->runWithParams()
#9 D:\xampp5\htdocs\poontong\framework\web\filters\CFilterChain.php(133): BuyMaterialInputController->runAction()
#10 D:\xampp5\htdocs\poontong\framework\web\filters\CFilter.php(40): CFilterChain->run()
#11 D:\xampp5\htdocs\poontong\framework\web\CController.php(1145): CAccessControlFilter->filter()
#12 D:\xampp5\htdocs\poontong\framework\web\filters\CInlineFilter.php(58): BuyMaterialInputController->filterAccessControl()
#13 D:\xampp5\htdocs\poontong\framework\web\filters\CFilterChain.php(130): CInlineFilter->filter()
#14 D:\xampp5\htdocs\poontong\framework\web\CController.php(291): CFilterChain->run()
#15 D:\xampp5\htdocs\poontong\framework\web\CController.php(265): BuyMaterialInputController->runActionWithFilters()
#16 D:\xampp5\htdocs\poontong\framework\web\CWebApplication.php(282): BuyMaterialInputController->run()
#17 D:\xampp5\htdocs\poontong\framework\web\CWebApplication.php(141): CWebApplication->runController()
#18 D:\xampp5\htdocs\poontong\framework\base\CApplication.php(180): CWebApplication->processRequest()
#19 D:\xampp5\htdocs\poontong\index.php(13): CWebApplication->run()
REQUEST_URI=/poontong/buymaterialinput/create
in D:\xampp5\htdocs\poontong\protected\views\buyMaterialInput\_form.php (215)
in D:\xampp5\htdocs\poontong\protected\views\buyMaterialInput\create.php (12)
in D:\xampp5\htdocs\poontong\protected\controllers\BuyMaterialInputController.php (132)
